<?xml version="1.0" encoding="UTF-8"?>
<!-- Generated by org.testng.reporters.JUnitXMLReporter -->
<testsuite ignored="0" hostname="DESKTOP-0IJD7UK" failures="0" tests="6" name="Surefire test" time="63.796" errors="0" timestamp="2024-03-25T13:49:46 PDT">
  <testcase classname="maven_test.maven_project.sampleTest" name="handle_popup" time="0.038"/>
  <testcase classname="maven_test.maven_project.sampleTest" name="validate_logo" time="0.157"/>
  <testcase classname="maven_test.maven_project.sampleTest" name="validate_reserve_online_message" time="0.1"/>
  <testcase classname="maven_test.maven_project.sampleTest" name="find_store" time="15.838"/>
  <testcase classname="maven_test.maven_project.sampleTest" name="verify_espot_rolling_images" time="10.797"/>
  <testcase classname="maven_test.maven_project.sampleTest" name="verify_top_brands" time="2.841"/>
</testsuite> <!-- Surefire test -->
