<?xml version="1.0" encoding="UTF-8"?>
<!-- Generated by org.testng.reporters.JUnitXMLReporter -->
<testsuite ignored="0" hostname="DESKTOP-0IJD7UK" failures="0" tests="3" name="Surefire test" time="32.972" errors="0" timestamp="2024-03-16T00:52:48 PDT">
  <testcase classname="maven_test.maven_project.sampleTest" name="handle_popup" time="0.018"/>
  <testcase classname="maven_test.maven_project.sampleTest" name="validate_logo" time="0.114"/>
  <testcase classname="maven_test.maven_project.sampleTest" name="find_store" time="15.259"/>
</testsuite> <!-- Surefire test -->
