<?xml version="1.0" encoding="UTF-8"?>
<!-- Generated by org.testng.reporters.JUnitXMLReporter -->
<testsuite ignored="0" hostname="DESKTOP-0IJD7UK" failures="0" tests="9" name="Surefire test" time="67.409" errors="0" timestamp="2024-03-27T19:06:55 PDT">
  <testcase classname="maven_test.maven_project.sampleTest" name="handle_popup" time="0.253"/>
  <testcase classname="maven_test.maven_project.sampleTest" name="validate_logo" time="0.227"/>
  <testcase classname="maven_test.maven_project.sampleTest" name="validate_reserve_online_message" time="0.084"/>
  <testcase classname="maven_test.maven_project.sampleTest" name="find_store" time="17.887"/>
  <testcase classname="maven_test.maven_project.sampleTest" name="verify_espot_rolling_images" time="10.678"/>
  <testcase classname="maven_test.maven_project.sampleTest" name="verify_top_brands" time="2.708"/>
  <testcase classname="maven_test.maven_project.sampleTest" name="verify_hiring_banner" time="0.078"/>
  <testcase classname="maven_test.maven_project.sampleTest" name="verify_findStore_banner" time="0.077"/>
  <testcase classname="maven_test.maven_project.sampleTest" name="validate_browse_parts_button" time="0.68"/>
</testsuite> <!-- Surefire test -->
