<?xml version="1.0" encoding="UTF-8"?>
<!-- Generated by org.testng.reporters.JUnitXMLReporter -->
<testsuite ignored="0" hostname="DESKTOP-0IJD7UK" failures="0" tests="5" name="Surefire test" time="58.1" errors="0" timestamp="2024-03-25T12:07:22 PDT">
  <testcase classname="maven_test.maven_project.sampleTest" name="handle_popup" time="0.019"/>
  <testcase classname="maven_test.maven_project.sampleTest" name="validate_logo" time="0.121"/>
  <testcase classname="maven_test.maven_project.sampleTest" name="validate_reserve_online_message" time="0.112"/>
  <testcase classname="maven_test.maven_project.sampleTest" name="find_store" time="14.853"/>
  <testcase classname="maven_test.maven_project.sampleTest" name="verify_espot_rolling_images" time="12.627"/>
</testsuite> <!-- Surefire test -->
