<?xml version="1.0" encoding="UTF-8"?>
<!-- Generated by org.testng.reporters.JUnitXMLReporter -->
<testsuite ignored="0" hostname="DESKTOP-0IJD7UK" failures="0" tests="3" name="Default test" time="73.209" errors="0" timestamp="2024-04-20T11:22:02 PDT">
  <testcase classname="maven_test.maven_project.ExpediaTest" name="validate_logo" time="0.531"/>
  <testcase classname="maven_test.maven_project.ExpediaTest" name="validate_tabs_homepage" time="0.712"/>
  <testcase classname="maven_test.maven_project.ExpediaTest" name="booking_car" time="14.387"/>
</testsuite> <!-- Default test -->
