<?xml version="1.0" encoding="UTF-8"?>
<!-- Generated by org.testng.reporters.JUnitXMLReporter -->
<testsuite ignored="0" hostname="DESKTOP-0IJD7UK" failures="0" tests="11" name="Test" time="75.047" errors="0" timestamp="2024-04-12T09:29:04 PDT">
  <testcase classname="maven_test.maven_project.sampleTest" name="close_popup" time="0.227"/>
  <testcase classname="maven_test.maven_project.sampleTest" name="validate_logo" time="0.187"/>
  <testcase classname="maven_test.maven_project.sampleTest" name="validate_reserve_online_message" time="0.096"/>
  <testcase classname="maven_test.maven_project.sampleTest" name="find_store" time="18.587"/>
  <testcase classname="maven_test.maven_project.sampleTest" name="verify_espot_rolling_images" time="15.557"/>
  <testcase classname="maven_test.maven_project.sampleTest" name="verify_top_brands" time="2.378"/>
  <testcase classname="maven_test.maven_project.sampleTest" name="verify_hiring_banner" time="0.111"/>
  <testcase classname="maven_test.maven_project.sampleTest" name="verify_findStore_banner" time="0.117"/>
  <testcase classname="maven_test.maven_project.sampleTest" name="validate_browse_parts_button" time="14.98"/>
  <testcase classname="maven_test.maven_project.sampleTest" name="validate_item_counts" time="2.559"/>
  <testcase classname="maven_test.maven_project.sampleTest" name="search_sku_validate_product_page" time="7.028"/>
</testsuite> <!-- Test -->
