<?xml version="1.0" encoding="UTF-8"?>
<testsuite xmlns:xsi="http://www.w3.org/2001/XMLSchema-instance" xsi:noNamespaceSchemaLocation="https://maven.apache.org/surefire/maven-surefire-plugin/xsd/surefire-test-report-3.0.xsd" version="3.0" name="maven_test.maven_project.sampleTest" time="66.569" tests="6" errors="0" skipped="0" failures="0">
  <properties>
[...]
</properties>
  <testcase name="handle_popup" classname="maven_test.maven_project.sampleTest" time="0.039">
    <system-err><![CDATA[SLF4J: Failed to load class "org.slf4j.impl.StaticLoggerBinder".
SLF4J: Defaulting to no-operation (NOP) logger implementation
SLF4J: See http://www.slf4j.org/codes.html#StaticLoggerBinder for further details.
Starting ChromeDriver 122.0.6261.128 (f18a44fedeb29764b2b5336c120fdd90ef1a3f5c-refs/branch-heads/6261@{#1057}) on port 11264
Only local connections are allowed.
Please see https://chromedriver.chromium.org/security-considerations for suggestions on keeping ChromeDriver safe.
ChromeDriver was started successfully.
Mar 25, 2024 1:49:01 PM org.openqa.selenium.remote.ProtocolHandshake createSession
INFO: Detected dialect: W3C
]]></system-err>
  </testcase>
  <testcase name="validate_logo" classname="maven_test.maven_project.sampleTest" time="0.133"/>
  <testcase name="validate_reserve_online_message" classname="maven_test.maven_project.sampleTest" time="0.102"/>
  <testcase name="find_store" classname="maven_test.maven_project.sampleTest" time="15.841"/>
  <testcase name="verify_espot_rolling_images" classname="maven_test.maven_project.sampleTest" time="10.793"/>
  <testcase name="verify_top_brands" classname="maven_test.maven_project.sampleTest" time="2.84">
    <system-out><![CDATA[Number of top brands 14
[proseries, castrol, pennzoil, fram, royal-purple, monroe]
[simoniz, mobil-1, bosch, brembo, quaker-state, weathertech]
]]></system-out>
  </testcase>
</testsuite>