<?xml version="1.0" encoding="UTF-8"?>
<testng-results ignored="0" total="5" passed="5" failed="0" skipped="0">
  <reporter-output>
  </reporter-output>
  <suite started-at="2024-03-25T12:06:24 PDT" name="Surefire suite" finished-at="2024-03-25T12:07:22 PDT" duration-ms="58100">
    <groups>
    </groups>
    <test started-at="2024-03-25T12:06:24 PDT" name="Surefire test" finished-at="2024-03-25T12:07:22 PDT" duration-ms="58100">
      <class name="maven_test.maven_project.sampleTest">
        <test-method is-config="true" signature="launch_site()[pri:0, instance:maven_test.maven_project.sampleTest@3c9d0b9d]" started-at="2024-03-25T12:06:24 PDT" name="launch_site" finished-at="2024-03-25T12:06:54 PDT" duration-ms="30295" status="PASS">
          <reporter-output>
          </reporter-output>
        </test-method> <!-- launch_site -->
        <test-method signature="handle_popup()[pri:1, instance:maven_test.maven_project.sampleTest@3c9d0b9d]" started-at="2024-03-25T12:06:54 PDT" name="handle_popup" finished-at="2024-03-25T12:06:54 PDT" duration-ms="19" status="PASS">
          <reporter-output>
          </reporter-output>
        </test-method> <!-- handle_popup -->
        <test-method signature="validate_logo()[pri:2, instance:maven_test.maven_project.sampleTest@3c9d0b9d]" started-at="2024-03-25T12:06:54 PDT" name="validate_logo" finished-at="2024-03-25T12:06:54 PDT" duration-ms="121" status="PASS">
          <reporter-output>
          </reporter-output>
        </test-method> <!-- validate_logo -->
        <test-method signature="validate_reserve_online_message()[pri:3, instance:maven_test.maven_project.sampleTest@3c9d0b9d]" started-at="2024-03-25T12:06:54 PDT" name="validate_reserve_online_message" finished-at="2024-03-25T12:06:55 PDT" duration-ms="112" status="PASS">
          <reporter-output>
          </reporter-output>
        </test-method> <!-- validate_reserve_online_message -->
        <test-method signature="find_store()[pri:4, instance:maven_test.maven_project.sampleTest@3c9d0b9d]" started-at="2024-03-25T12:06:55 PDT" name="find_store" finished-at="2024-03-25T12:07:09 PDT" duration-ms="14853" status="PASS">
          <reporter-output>
          </reporter-output>
        </test-method> <!-- find_store -->
        <test-method signature="verify_espot_rolling_images()[pri:5, instance:maven_test.maven_project.sampleTest@3c9d0b9d]" started-at="2024-03-25T12:07:09 PDT" name="verify_espot_rolling_images" finished-at="2024-03-25T12:07:22 PDT" duration-ms="12627" status="PASS">
          <reporter-output>
          </reporter-output>
        </test-method> <!-- verify_espot_rolling_images -->
      </class> <!-- maven_test.maven_project.sampleTest -->
    </test> <!-- Surefire test -->
  </suite> <!-- Surefire suite -->
</testng-results>
