<?xml version="1.0" encoding="UTF-8"?>
<testng-results ignored="0" total="3" passed="3" failed="0" skipped="0">
  <reporter-output>
  </reporter-output>
  <suite started-at="2024-03-16T00:52:15 PDT" name="Surefire suite" finished-at="2024-03-16T00:52:48 PDT" duration-ms="32972">
    <groups>
    </groups>
    <test started-at="2024-03-16T00:52:15 PDT" name="Surefire test" finished-at="2024-03-16T00:52:48 PDT" duration-ms="32972">
      <class name="maven_test.maven_project.sampleTest">
        <test-method is-config="true" signature="launch_site()[pri:0, instance:maven_test.maven_project.sampleTest@318ba8c8]" started-at="2024-03-16T00:52:15 PDT" name="launch_site" finished-at="2024-03-16T00:52:32 PDT" duration-ms="17518" status="PASS">
          <reporter-output>
          </reporter-output>
        </test-method> <!-- launch_site -->
        <test-method signature="handle_popup()[pri:1, instance:maven_test.maven_project.sampleTest@318ba8c8]" started-at="2024-03-16T00:52:32 PDT" name="handle_popup" finished-at="2024-03-16T00:52:32 PDT" duration-ms="18" status="PASS">
          <reporter-output>
          </reporter-output>
        </test-method> <!-- handle_popup -->
        <test-method signature="validate_logo()[pri:2, instance:maven_test.maven_project.sampleTest@318ba8c8]" started-at="2024-03-16T00:52:32 PDT" name="validate_logo" finished-at="2024-03-16T00:52:32 PDT" duration-ms="114" status="PASS">
          <reporter-output>
          </reporter-output>
        </test-method> <!-- validate_logo -->
        <test-method signature="find_store()[pri:3, instance:maven_test.maven_project.sampleTest@318ba8c8]" started-at="2024-03-16T00:52:32 PDT" name="find_store" finished-at="2024-03-16T00:52:48 PDT" duration-ms="15259" status="PASS">
          <reporter-output>
          </reporter-output>
        </test-method> <!-- find_store -->
      </class> <!-- maven_test.maven_project.sampleTest -->
    </test> <!-- Surefire test -->
  </suite> <!-- Surefire suite -->
</testng-results>
