<?xml version="1.0" encoding="UTF-8"?>
<testng-results ignored="0" total="3" passed="3" failed="0" skipped="0">
  <reporter-output>
  </reporter-output>
  <suite started-at="2024-04-20T11:20:49 PDT" name="Default suite" finished-at="2024-04-20T11:22:02 PDT" duration-ms="73209">
    <groups>
    </groups>
    <test started-at="2024-04-20T11:20:49 PDT" name="Default test" finished-at="2024-04-20T11:22:02 PDT" duration-ms="73209">
      <class name="maven_test.maven_project.ExpediaTest">
        <test-method is-config="true" signature="launch_site()[pri:0, instance:maven_test.maven_project.ExpediaTest@5b12b668]" started-at="2024-04-20T11:20:49 PDT" name="launch_site" finished-at="2024-04-20T11:21:46 PDT" duration-ms="57129" status="PASS">
          <reporter-output>
          </reporter-output>
        </test-method> <!-- launch_site -->
        <test-method signature="validate_logo()[pri:1, instance:maven_test.maven_project.ExpediaTest@5b12b668]" started-at="2024-04-20T11:21:47 PDT" name="validate_logo" finished-at="2024-04-20T11:21:47 PDT" duration-ms="531" status="PASS">
          <reporter-output>
          </reporter-output>
        </test-method> <!-- validate_logo -->
        <test-method signature="validate_tabs_homepage()[pri:2, instance:maven_test.maven_project.ExpediaTest@5b12b668]" started-at="2024-04-20T11:21:47 PDT" name="validate_tabs_homepage" finished-at="2024-04-20T11:21:48 PDT" duration-ms="712" status="PASS">
          <reporter-output>
          </reporter-output>
        </test-method> <!-- validate_tabs_homepage -->
        <test-method signature="booking_car()[pri:3, instance:maven_test.maven_project.ExpediaTest@5b12b668]" started-at="2024-04-20T11:21:48 PDT" name="booking_car" finished-at="2024-04-20T11:22:02 PDT" duration-ms="14387" status="PASS">
          <reporter-output>
          </reporter-output>
        </test-method> <!-- booking_car -->
        <test-method is-config="true" signature="close_site()[pri:0, instance:maven_test.maven_project.ExpediaTest@5b12b668]" started-at="2024-04-20T11:22:02 PDT" name="close_site" finished-at="2024-04-20T11:22:02 PDT" duration-ms="1" status="PASS">
          <reporter-output>
          </reporter-output>
        </test-method> <!-- close_site -->
      </class> <!-- maven_test.maven_project.ExpediaTest -->
    </test> <!-- Default test -->
  </suite> <!-- Default suite -->
</testng-results>
